2022-07-26 14:46:16.788  WARN 89215 --- [http-nio-9001-exec-5] .w.s.m.s.DefaultHandlerExceptionResolver : Resolved [org.springframework.web.method.annotation.MethodArgumentTypeMismatchException: Failed to convert value of type 'java.lang.String' to required type 'java.lang.Long'; nested exception is java.lang.NumberFormatException: For input string: "1315L"]
2022-07-26 14:48:13.073  WARN 89987 --- [http-nio-9001-exec-1] .w.s.m.s.DefaultHandlerExceptionResolver : Resolved [org.springframework.web.method.annotation.MethodArgumentTypeMismatchException: Failed to convert value of type 'java.lang.String' to required type 'java.lang.Long'; nested exception is java.lang.NumberFormatException: For input string: "1315L"]
2022-07-26 14:48:13.846  WARN 89987 --- [http-nio-9001-exec-2] .w.s.m.s.DefaultHandlerExceptionResolver : Resolved [org.springframework.web.method.annotation.MethodArgumentTypeMismatchException: Failed to convert value of type 'java.lang.String' to required type 'java.lang.Long'; nested exception is java.lang.NumberFormatException: For input string: "1315L"]
2022-07-26 14:59:15.731  WARN 92629 --- [restartedMain] c.n.user_service.UserServiceApplication  : Warn level log
2022-07-26 14:59:15.734 ERROR 92629 --- [restartedMain] c.n.user_service.UserServiceApplication  : Error level log
2022-07-26 15:00:08.667  WARN 92629 --- [http-nio-9001-exec-3] .w.s.m.s.DefaultHandlerExceptionResolver : Resolved [org.springframework.web.method.annotation.MethodArgumentTypeMismatchException: Failed to convert value of type 'java.lang.String' to required type 'java.lang.Long'; nested exception is java.lang.NumberFormatException: For input string: "1311L"]
2022-07-26 15:06:38.492  WARN 94361 --- [restartedMain] c.n.user_service.UserServiceApplication  : Warn level log
2022-07-26 15:06:38.495 ERROR 94361 --- [restartedMain] c.n.user_service.UserServiceApplication  : Error level log
2022-07-26 15:08:58.263  WARN 94963 --- [restartedMain] c.n.user_service.UserServiceApplication  : Warn level log
2022-07-26 15:08:58.266 ERROR 94963 --- [restartedMain] c.n.user_service.UserServiceApplication  : Error level log
2022-07-26 18:24:30.055  WARN 139790 --- [restartedMain] c.n.user_service.UserServiceApplication  : Warn level log
2022-07-26 18:24:30.058 ERROR 139790 --- [restartedMain] c.n.user_service.UserServiceApplication  : Error level log
2022-07-26 18:52:29.786  WARN 139790 --- [restartedMain] c.n.user_service.UserServiceApplication  : Warn level log
2022-07-26 18:52:29.787 ERROR 139790 --- [restartedMain] c.n.user_service.UserServiceApplication  : Error level log
2022-07-26 18:52:33.494  WARN 139790 --- [restartedMain] c.n.user_service.UserServiceApplication  : Warn level log
2022-07-26 18:52:33.495 ERROR 139790 --- [restartedMain] c.n.user_service.UserServiceApplication  : Error level log
2022-07-26 18:57:37.252  WARN 148222 --- [restartedMain] c.n.user_service.UserServiceApplication  : Warn level log
2022-07-26 18:57:37.255 ERROR 148222 --- [restartedMain] c.n.user_service.UserServiceApplication  : Error level log
2022-07-26 18:58:09.889  WARN 148222 --- [http-nio-9001-exec-3] .w.s.m.s.DefaultHandlerExceptionResolver : Resolved [org.springframework.web.method.annotation.MethodArgumentTypeMismatchException: Failed to convert value of type 'java.lang.String' to required type 'java.lang.Long'; nested exception is java.lang.NumberFormatException: For input string: "1315L"]
2022-07-26 19:48:35.330  WARN 161011 --- [restartedMain] ConfigServletWebServerApplicationContext : Exception encountered during context initialization - cancelling refresh attempt: org.springframework.context.ApplicationContextException: Failed to start bean 'webServerStartStop'; nested exception is org.springframework.boot.web.server.PortInUseException: Port 9001 is already in use
2022-07-26 19:48:35.407 ERROR 161011 --- [restartedMain] o.s.b.d.LoggingFailureAnalysisReporter   : 

***************************
APPLICATION FAILED TO START
***************************

Description:

Web server failed to start. Port 9001 was already in use.

Action:

Identify and stop the process that's listening on port 9001 or configure this application to listen on another port.

2022-07-26 19:49:14.685  WARN 161247 --- [restartedMain] c.n.user_service.UserServiceApplication  : Warn level log
2022-07-26 19:49:14.687 ERROR 161247 --- [restartedMain] c.n.user_service.UserServiceApplication  : Error level log
2022-07-26 19:51:03.360  WARN 161752 --- [restartedMain] c.n.user_service.UserServiceApplication  : Warn level log
2022-07-26 19:51:03.362 ERROR 161752 --- [restartedMain] c.n.user_service.UserServiceApplication  : Error level log
2022-07-26 19:53:22.036  WARN 162428 --- [restartedMain] c.n.user_service.UserServiceApplication  : Warn level log
2022-07-26 19:53:22.038 ERROR 162428 --- [restartedMain] c.n.user_service.UserServiceApplication  : Error level log
2022-07-26 19:54:37.664  WARN 162885 --- [restartedMain] c.n.user_service.UserServiceApplication  : Warn level log
2022-07-26 19:54:37.666 ERROR 162885 --- [restartedMain] c.n.user_service.UserServiceApplication  : Error level log
2022-07-26 19:59:57.621  WARN 164271 --- [restartedMain] c.n.user_service.UserServiceApplication  : Warn level log
2022-07-26 19:59:57.624 ERROR 164271 --- [restartedMain] c.n.user_service.UserServiceApplication  : Error level log
2022-07-26 20:02:49.508  WARN 165044 --- [restartedMain] c.n.user_service.UserServiceApplication  : Warn level log
2022-07-26 20:02:49.511 ERROR 165044 --- [restartedMain] c.n.user_service.UserServiceApplication  : Error level log
